[2018-04-19T15:11:33.607] [INFO] response - { request: 
   { method: 'POST',
     url: '/test',
     header: 
      { 'cache-control': 'no-cache',
        'postman-token': '2644fd0e-18d6-4cd3-b6a3-cbb831ce8fb5',
        'user-agent': 'PostmanRuntime/7.1.1',
        accept: '*/*',
        host: 'localhost:3000',
        'accept-encoding': 'gzip, deflate',
        'content-length': '0',
        connection: 'keep-alive' } },
  response: 
   { status: 200,
     message: 'OK',
     header: { 'content-type': 'application/json; charset=utf-8' } },
  app: { subdomainOffset: 2, proxy: false, env: 'development' },
  originalUrl: '/test',
  req: '<original node req>',
  res: '<original node res>',
  socket: '<original node socket>' }
